2024-12-19 20:17:30 [restartedMain] INFO  c.Orio.wither_project.WitherProject - Starting WitherProject using Java 17.0.4 with PID 14780 (C:\Users\macie\tools\Wither Project\wither-project-backend\target\classes started by macie in C:\Users\macie\tools\Wither Project\wither-project-backend)
2024-12-19 20:17:30 [restartedMain] DEBUG c.Orio.wither_project.WitherProject - Running with Spring Boot v3.3.6, Spring v6.1.15
2024-12-19 20:17:30 [restartedMain] INFO  c.Orio.wither_project.WitherProject - The following 1 profile is active: "development"
2024-12-19 20:17:34 [restartedMain] INFO  c.Orio.wither_project.WitherProject - Started WitherProject in 3.609 seconds (process running for 4.053)
2024-12-19 20:21:55 [http-nio-8080-exec-1] INFO  c.O.w.controller.pdf.PDFController - Received request to upload PDF file: Articel.pdf
2024-12-19 20:21:55 [http-nio-8080-exec-1] DEBUG c.O.w.s.impl.PDFEndpointService - Processing PDF upload for file: Articel
2024-12-19 20:21:56 [http-nio-8080-exec-2] INFO  c.O.w.controller.pdf.PDFController - Received request to get all PDF documents
2024-12-19 20:21:56 [http-nio-8080-exec-2] WARN  o.s.w.s.m.s.DefaultHandlerExceptionResolver - Ignoring exception, response committed already: org.springframework.http.converter.HttpMessageNotWritableException: Could not write JSON: failed to lazily initialize a collection of role: com.Orio.wither_project.model.PDFDocument.chapterSummaries: could not initialize proxy - no Session
2024-12-19 20:21:56 [http-nio-8080-exec-2] WARN  o.s.w.s.m.s.DefaultHandlerExceptionResolver - Resolved [org.springframework.http.converter.HttpMessageNotWritableException: Could not write JSON: failed to lazily initialize a collection of role: com.Orio.wither_project.model.PDFDocument.chapterSummaries: could not initialize proxy - no Session]
2024-12-19 20:22:08 [http-nio-8080-exec-3] INFO  c.O.w.controller.pdf.PDFController - Received request to upload PDF file: Articel.pdf
2024-12-19 20:22:08 [http-nio-8080-exec-3] DEBUG c.O.w.s.impl.PDFEndpointService - Processing PDF upload for file: Articel
2024-12-19 20:22:08 [http-nio-8080-exec-9] INFO  c.O.w.controller.pdf.PDFController - Received request to get all PDF documents
2024-12-19 20:22:08 [http-nio-8080-exec-9] WARN  o.s.w.s.m.s.DefaultHandlerExceptionResolver - Ignoring exception, response committed already: org.springframework.http.converter.HttpMessageNotWritableException: Could not write JSON: failed to lazily initialize a collection of role: com.Orio.wither_project.model.PDFDocument.chapterSummaries: could not initialize proxy - no Session
2024-12-19 20:22:08 [http-nio-8080-exec-9] WARN  o.s.w.s.m.s.DefaultHandlerExceptionResolver - Resolved [org.springframework.http.converter.HttpMessageNotWritableException: Could not write JSON: failed to lazily initialize a collection of role: com.Orio.wither_project.model.PDFDocument.chapterSummaries: could not initialize proxy - no Session]
2024-12-19 20:22:09 [http-nio-8080-exec-5] INFO  c.O.w.controller.pdf.PDFController - Received request to upload PDF file: Articel.pdf
2024-12-19 20:22:09 [http-nio-8080-exec-5] DEBUG c.O.w.s.impl.PDFEndpointService - Processing PDF upload for file: Articel
2024-12-19 20:22:09 [http-nio-8080-exec-6] INFO  c.O.w.controller.pdf.PDFController - Received request to get all PDF documents
2024-12-19 20:22:09 [http-nio-8080-exec-6] WARN  o.s.w.s.m.s.DefaultHandlerExceptionResolver - Ignoring exception, response committed already: org.springframework.http.converter.HttpMessageNotWritableException: Could not write JSON: failed to lazily initialize a collection of role: com.Orio.wither_project.model.PDFDocument.chapterSummaries: could not initialize proxy - no Session
2024-12-19 20:22:09 [http-nio-8080-exec-6] WARN  o.s.w.s.m.s.DefaultHandlerExceptionResolver - Resolved [org.springframework.http.converter.HttpMessageNotWritableException: Could not write JSON: failed to lazily initialize a collection of role: com.Orio.wither_project.model.PDFDocument.chapterSummaries: could not initialize proxy - no Session]
2024-12-19 20:22:12 [http-nio-8080-exec-7] INFO  c.O.w.controller.pdf.PDFController - Received request to upload PDF file: Articel.pdf
2024-12-19 20:22:12 [http-nio-8080-exec-7] DEBUG c.O.w.s.impl.PDFEndpointService - Processing PDF upload for file: Articel
2024-12-19 20:22:12 [http-nio-8080-exec-8] INFO  c.O.w.controller.pdf.PDFController - Received request to get all PDF documents
2024-12-19 20:22:12 [http-nio-8080-exec-8] WARN  o.s.w.s.m.s.DefaultHandlerExceptionResolver - Ignoring exception, response committed already: org.springframework.http.converter.HttpMessageNotWritableException: Could not write JSON: failed to lazily initialize a collection of role: com.Orio.wither_project.model.PDFDocument.chapterSummaries: could not initialize proxy - no Session
2024-12-19 20:22:12 [http-nio-8080-exec-8] WARN  o.s.w.s.m.s.DefaultHandlerExceptionResolver - Resolved [org.springframework.http.converter.HttpMessageNotWritableException: Could not write JSON: failed to lazily initialize a collection of role: com.Orio.wither_project.model.PDFDocument.chapterSummaries: could not initialize proxy - no Session]
2024-12-19 20:22:32 [http-nio-8080-exec-4] INFO  c.O.w.controller.pdf.PDFController - Received request to get all PDF documents
2024-12-19 20:22:32 [http-nio-8080-exec-4] WARN  o.s.w.s.m.s.DefaultHandlerExceptionResolver - Ignoring exception, response committed already: org.springframework.http.converter.HttpMessageNotWritableException: Could not write JSON: failed to lazily initialize a collection of role: com.Orio.wither_project.model.PDFDocument.chapterSummaries: could not initialize proxy - no Session
2024-12-19 20:22:32 [http-nio-8080-exec-4] WARN  o.s.w.s.m.s.DefaultHandlerExceptionResolver - Resolved [org.springframework.http.converter.HttpMessageNotWritableException: Could not write JSON: failed to lazily initialize a collection of role: com.Orio.wither_project.model.PDFDocument.chapterSummaries: could not initialize proxy - no Session]
