2025-01-27 16:31:19 [restartedMain] INFO  c.Orio.wither_project.WitherProject - Starting WitherProject using Java 17.0.4 with PID 19900 (C:\Users\macie\tools\Wither Project\wither-project-backend\target\classes started by macie in C:\Users\macie\tools\Wither Project\wither-project-backend)
2025-01-27 16:31:19 [restartedMain] DEBUG c.Orio.wither_project.WitherProject - Running with Spring Boot v3.3.7, Spring v6.1.16
2025-01-27 16:31:19 [restartedMain] INFO  c.Orio.wither_project.WitherProject - The following 1 profile is active: "development"
2025-01-27 16:31:28 [restartedMain] INFO  c.Orio.wither_project.WitherProject - Started WitherProject in 9.295 seconds (process running for 10.08)
2025-01-27 16:44:33 [http-nio-8080-exec-1] INFO  c.O.w.pdf.controller.PDFController - Received request to get document with name: modern_man_in_search_of_a_soul.pdf
2025-01-27 16:44:33 [http-nio-8080-exec-1] INFO  c.O.w.p.s.s.impl.SQLDocumentService - Retrieving document: modern_man_in_search_of_a_soul.pdf
2025-01-27 16:44:33 [http-nio-8080-exec-1] WARN  c.O.w.p.s.s.impl.SQLDocumentService - Document not found by title: modern_man_in_search_of_a_soul.pdf
2025-01-27 16:44:33 [http-nio-8080-exec-1] INFO  c.O.w.pdf.controller.PDFController - Retrieved document: [FAILED toString()]
2025-01-27 16:44:33 [http-nio-8080-exec-1] INFO  c.O.w.pdf.controller.PDFController - Number of chapters: 15
2025-01-27 16:44:36 [http-nio-8080-exec-2] INFO  c.O.w.pdf.controller.PDFController - Received request to get all PDFs
2025-01-27 16:44:36 [http-nio-8080-exec-2] INFO  c.O.w.p.s.s.impl.SQLDocumentService - Retrieving all PDF files
2025-01-27 16:44:37 [http-nio-8080-exec-3] INFO  c.O.w.pdf.controller.PDFController - Received request to get all PDFs
2025-01-27 16:44:37 [http-nio-8080-exec-3] INFO  c.O.w.p.s.s.impl.SQLDocumentService - Retrieving all PDF files
2025-01-27 16:44:38 [http-nio-8080-exec-4] INFO  c.O.w.pdf.controller.PDFController - Received request to get document with name: Ojciec Zapomina.pdf
2025-01-27 16:44:38 [http-nio-8080-exec-4] INFO  c.O.w.p.s.s.impl.SQLDocumentService - Retrieving document: Ojciec Zapomina.pdf
2025-01-27 16:44:38 [http-nio-8080-exec-4] WARN  c.O.w.p.s.s.impl.SQLDocumentService - Document not found by title: Ojciec Zapomina.pdf
2025-01-27 16:44:38 [http-nio-8080-exec-4] WARN  c.O.w.p.s.s.impl.SQLDocumentService - Document not found by file name: Ojciec Zapomina.pdf
2025-01-27 16:44:38 [http-nio-8080-exec-4] INFO  c.O.w.pdf.controller.PDFController - Retrieved document: null
2025-01-27 16:44:38 [http-nio-8080-exec-4] INFO  c.O.w.pdf.controller.PDFController - Number of chapters: 0
2025-01-27 16:44:38 [http-nio-8080-exec-5] INFO  c.O.w.pdf.controller.PDFController - Received request to get document with name: Ojciec Zapomina.pdf
2025-01-27 16:44:38 [http-nio-8080-exec-5] INFO  c.O.w.p.s.s.impl.SQLDocumentService - Retrieving document: Ojciec Zapomina.pdf
2025-01-27 16:44:38 [http-nio-8080-exec-6] INFO  c.O.w.pdf.controller.PDFController - Received request to get document with name: Articel.pdf
2025-01-27 16:44:38 [http-nio-8080-exec-6] INFO  c.O.w.p.s.s.impl.SQLDocumentService - Retrieving document: Articel.pdf
2025-01-27 16:44:38 [http-nio-8080-exec-5] WARN  c.O.w.p.s.s.impl.SQLDocumentService - Document not found by title: Ojciec Zapomina.pdf
2025-01-27 16:44:38 [http-nio-8080-exec-6] WARN  c.O.w.p.s.s.impl.SQLDocumentService - Document not found by title: Articel.pdf
2025-01-27 16:44:38 [http-nio-8080-exec-5] WARN  c.O.w.p.s.s.impl.SQLDocumentService - Document not found by file name: Ojciec Zapomina.pdf
2025-01-27 16:44:38 [http-nio-8080-exec-5] INFO  c.O.w.pdf.controller.PDFController - Retrieved document: null
2025-01-27 16:44:38 [http-nio-8080-exec-5] INFO  c.O.w.pdf.controller.PDFController - Number of chapters: 0
2025-01-27 16:44:38 [http-nio-8080-exec-7] INFO  c.O.w.pdf.controller.PDFController - Received request to get document with name: Ojciec Zapomina.pdf
2025-01-27 16:44:38 [http-nio-8080-exec-7] INFO  c.O.w.p.s.s.impl.SQLDocumentService - Retrieving document: Ojciec Zapomina.pdf
2025-01-27 16:44:38 [http-nio-8080-exec-7] WARN  c.O.w.p.s.s.impl.SQLDocumentService - Document not found by title: Ojciec Zapomina.pdf
2025-01-27 16:44:38 [http-nio-8080-exec-7] WARN  c.O.w.p.s.s.impl.SQLDocumentService - Document not found by file name: Ojciec Zapomina.pdf
2025-01-27 16:44:38 [http-nio-8080-exec-7] INFO  c.O.w.pdf.controller.PDFController - Retrieved document: null
2025-01-27 16:44:38 [http-nio-8080-exec-7] INFO  c.O.w.pdf.controller.PDFController - Number of chapters: 0
2025-01-27 16:44:38 [http-nio-8080-exec-8] INFO  c.O.w.pdf.controller.PDFController - Received request to get document with name: Ojciec Zapomina.pdf
2025-01-27 16:44:38 [http-nio-8080-exec-8] INFO  c.O.w.p.s.s.impl.SQLDocumentService - Retrieving document: Ojciec Zapomina.pdf
2025-01-27 16:44:38 [http-nio-8080-exec-8] WARN  c.O.w.p.s.s.impl.SQLDocumentService - Document not found by title: Ojciec Zapomina.pdf
2025-01-27 16:44:38 [http-nio-8080-exec-8] WARN  c.O.w.p.s.s.impl.SQLDocumentService - Document not found by file name: Ojciec Zapomina.pdf
2025-01-27 16:44:38 [http-nio-8080-exec-8] INFO  c.O.w.pdf.controller.PDFController - Retrieved document: null
2025-01-27 16:44:38 [http-nio-8080-exec-8] INFO  c.O.w.pdf.controller.PDFController - Number of chapters: 0
2025-01-27 16:44:38 [http-nio-8080-exec-9] INFO  c.O.w.pdf.controller.PDFController - Received request to get all PDFs
2025-01-27 16:44:38 [http-nio-8080-exec-9] INFO  c.O.w.p.s.s.impl.SQLDocumentService - Retrieving all PDF files
2025-01-27 16:44:38 [http-nio-8080-exec-3] WARN  o.s.w.s.m.s.DefaultHandlerExceptionResolver - Resolved [org.springframework.web.context.request.async.AsyncRequestNotUsableException: ServletOutputStream failed to write: java.io.IOException: An established connection was aborted by the software in your host machine]
2025-01-27 16:44:38 [http-nio-8080-exec-6] INFO  c.O.w.pdf.controller.PDFController - Retrieved document: [FAILED toString()]
2025-01-27 16:44:38 [http-nio-8080-exec-6] INFO  c.O.w.pdf.controller.PDFController - Number of chapters: 1
2025-01-27 16:44:38 [http-nio-8080-exec-10] INFO  c.O.w.pdf.controller.PDFController - Received request to get document with name: Articel.pdf
2025-01-27 16:44:38 [http-nio-8080-exec-10] INFO  c.O.w.p.s.s.impl.SQLDocumentService - Retrieving document: Articel.pdf
2025-01-27 16:44:38 [http-nio-8080-exec-1] INFO  c.O.w.pdf.controller.PDFController - Received request to get document with name: corrected_sub_pdf_13.pdf
2025-01-27 16:44:38 [http-nio-8080-exec-1] INFO  c.O.w.p.s.s.impl.SQLDocumentService - Retrieving document: corrected_sub_pdf_13.pdf
2025-01-27 16:44:38 [http-nio-8080-exec-10] WARN  c.O.w.p.s.s.impl.SQLDocumentService - Document not found by title: Articel.pdf
2025-01-27 16:44:38 [http-nio-8080-exec-1] WARN  c.O.w.p.s.s.impl.SQLDocumentService - Document not found by title: corrected_sub_pdf_13.pdf
2025-01-27 16:44:38 [http-nio-8080-exec-1] WARN  c.O.w.p.s.s.impl.SQLDocumentService - Document not found by file name: corrected_sub_pdf_13.pdf
2025-01-27 16:44:38 [http-nio-8080-exec-1] INFO  c.O.w.pdf.controller.PDFController - Retrieved document: null
2025-01-27 16:44:38 [http-nio-8080-exec-1] INFO  c.O.w.pdf.controller.PDFController - Number of chapters: 0
2025-01-27 16:44:38 [http-nio-8080-exec-2] INFO  c.O.w.pdf.controller.PDFController - Received request to get document with name: modern_man_in_search_of_a_soul.pdf
2025-01-27 16:44:38 [http-nio-8080-exec-2] INFO  c.O.w.p.s.s.impl.SQLDocumentService - Retrieving document: modern_man_in_search_of_a_soul.pdf
2025-01-27 16:44:38 [http-nio-8080-exec-2] WARN  c.O.w.p.s.s.impl.SQLDocumentService - Document not found by title: modern_man_in_search_of_a_soul.pdf
2025-01-27 16:44:38 [http-nio-8080-exec-10] INFO  c.O.w.pdf.controller.PDFController - Retrieved document: [FAILED toString()]
2025-01-27 16:44:38 [http-nio-8080-exec-10] INFO  c.O.w.pdf.controller.PDFController - Number of chapters: 1
2025-01-27 16:44:38 [http-nio-8080-exec-5] INFO  c.O.w.pdf.controller.PDFController - Received request to get document with name: Articel.pdf
2025-01-27 16:44:38 [http-nio-8080-exec-5] INFO  c.O.w.p.s.s.impl.SQLDocumentService - Retrieving document: Articel.pdf
2025-01-27 16:44:38 [http-nio-8080-exec-7] INFO  c.O.w.pdf.controller.PDFController - Received request to get document with name: corrected_sub_pdf_13.pdf
2025-01-27 16:44:38 [http-nio-8080-exec-7] INFO  c.O.w.p.s.s.impl.SQLDocumentService - Retrieving document: corrected_sub_pdf_13.pdf
2025-01-27 16:44:38 [http-nio-8080-exec-5] WARN  c.O.w.p.s.s.impl.SQLDocumentService - Document not found by title: Articel.pdf
2025-01-27 16:44:38 [http-nio-8080-exec-7] WARN  c.O.w.p.s.s.impl.SQLDocumentService - Document not found by title: corrected_sub_pdf_13.pdf
2025-01-27 16:44:38 [http-nio-8080-exec-7] WARN  c.O.w.p.s.s.impl.SQLDocumentService - Document not found by file name: corrected_sub_pdf_13.pdf
2025-01-27 16:44:38 [http-nio-8080-exec-7] INFO  c.O.w.pdf.controller.PDFController - Retrieved document: null
2025-01-27 16:44:38 [http-nio-8080-exec-7] INFO  c.O.w.pdf.controller.PDFController - Number of chapters: 0
2025-01-27 16:44:38 [http-nio-8080-exec-2] INFO  c.O.w.pdf.controller.PDFController - Retrieved document: [FAILED toString()]
2025-01-27 16:44:38 [http-nio-8080-exec-2] INFO  c.O.w.pdf.controller.PDFController - Number of chapters: 15
2025-01-27 16:44:38 [http-nio-8080-exec-8] INFO  c.O.w.pdf.controller.PDFController - Received request to get document with name: modern_man_in_search_of_a_soul.pdf
2025-01-27 16:44:38 [http-nio-8080-exec-8] INFO  c.O.w.p.s.s.impl.SQLDocumentService - Retrieving document: modern_man_in_search_of_a_soul.pdf
2025-01-27 16:44:38 [http-nio-8080-exec-8] WARN  c.O.w.p.s.s.impl.SQLDocumentService - Document not found by title: modern_man_in_search_of_a_soul.pdf
2025-01-27 16:44:38 [http-nio-8080-exec-3] INFO  c.O.w.pdf.controller.PDFController - Received request to get document with name: man-and-his-symbols.pdf
2025-01-27 16:44:38 [http-nio-8080-exec-3] INFO  c.O.w.p.s.s.impl.SQLDocumentService - Retrieving document: man-and-his-symbols.pdf
2025-01-27 16:44:38 [http-nio-8080-exec-3] WARN  c.O.w.p.s.s.impl.SQLDocumentService - Document not found by title: man-and-his-symbols.pdf
2025-01-27 16:44:38 [http-nio-8080-exec-3] WARN  c.O.w.p.s.s.impl.SQLDocumentService - Document not found by file name: man-and-his-symbols.pdf
2025-01-27 16:44:38 [http-nio-8080-exec-3] INFO  c.O.w.pdf.controller.PDFController - Retrieved document: null
2025-01-27 16:44:38 [http-nio-8080-exec-3] INFO  c.O.w.pdf.controller.PDFController - Number of chapters: 0
2025-01-27 16:44:38 [http-nio-8080-exec-6] INFO  c.O.w.pdf.controller.PDFController - Received request to get document with name: modern man in search of a soul.pdf
2025-01-27 16:44:38 [http-nio-8080-exec-6] INFO  c.O.w.p.s.s.impl.SQLDocumentService - Retrieving document: modern man in search of a soul.pdf
2025-01-27 16:44:38 [http-nio-8080-exec-6] WARN  c.O.w.p.s.s.impl.SQLDocumentService - Document not found by title: modern man in search of a soul.pdf
2025-01-27 16:44:38 [http-nio-8080-exec-5] INFO  c.O.w.pdf.controller.PDFController - Retrieved document: [FAILED toString()]
2025-01-27 16:44:39 [http-nio-8080-exec-5] INFO  c.O.w.pdf.controller.PDFController - Number of chapters: 1
2025-01-27 16:44:39 [http-nio-8080-exec-1] INFO  c.O.w.pdf.controller.PDFController - Received request to get document with name: Articel.pdf
2025-01-27 16:44:39 [http-nio-8080-exec-1] INFO  c.O.w.p.s.s.impl.SQLDocumentService - Retrieving document: Articel.pdf
2025-01-27 16:44:39 [http-nio-8080-exec-4] INFO  c.O.w.pdf.controller.PDFController - Received request to get document with name: corrected_sub_pdf_13.pdf
2025-01-27 16:44:39 [http-nio-8080-exec-4] INFO  c.O.w.p.s.s.impl.SQLDocumentService - Retrieving document: corrected_sub_pdf_13.pdf
2025-01-27 16:44:39 [http-nio-8080-exec-1] WARN  c.O.w.p.s.s.impl.SQLDocumentService - Document not found by title: Articel.pdf
2025-01-27 16:44:39 [http-nio-8080-exec-4] WARN  c.O.w.p.s.s.impl.SQLDocumentService - Document not found by title: corrected_sub_pdf_13.pdf
2025-01-27 16:44:39 [http-nio-8080-exec-4] WARN  c.O.w.p.s.s.impl.SQLDocumentService - Document not found by file name: corrected_sub_pdf_13.pdf
2025-01-27 16:44:39 [http-nio-8080-exec-4] INFO  c.O.w.pdf.controller.PDFController - Retrieved document: null
2025-01-27 16:44:39 [http-nio-8080-exec-4] INFO  c.O.w.pdf.controller.PDFController - Number of chapters: 0
2025-01-27 16:44:38 [http-nio-8080-exec-6] INFO  c.O.w.pdf.controller.PDFController - Retrieved document: [FAILED toString()]
2025-01-27 16:44:39 [http-nio-8080-exec-6] INFO  c.O.w.pdf.controller.PDFController - Number of chapters: 15
2025-01-27 16:44:38 [http-nio-8080-exec-8] INFO  c.O.w.pdf.controller.PDFController - Retrieved document: [FAILED toString()]
2025-01-27 16:44:39 [http-nio-8080-exec-8] INFO  c.O.w.pdf.controller.PDFController - Number of chapters: 15
2025-01-27 16:44:39 [http-nio-8080-exec-10] INFO  c.O.w.pdf.controller.PDFController - Received request to get document with name: modern_man_in_search_of_a_soul.pdf
2025-01-27 16:44:39 [http-nio-8080-exec-10] INFO  c.O.w.p.s.s.impl.SQLDocumentService - Retrieving document: modern_man_in_search_of_a_soul.pdf
2025-01-27 16:44:39 [http-nio-8080-exec-10] WARN  c.O.w.p.s.s.impl.SQLDocumentService - Document not found by title: modern_man_in_search_of_a_soul.pdf
2025-01-27 16:44:39 [http-nio-8080-exec-7] INFO  c.O.w.pdf.controller.PDFController - Received request to get document with name: man-and-his-symbols.pdf
2025-01-27 16:44:39 [http-nio-8080-exec-7] INFO  c.O.w.p.s.s.impl.SQLDocumentService - Retrieving document: man-and-his-symbols.pdf
2025-01-27 16:44:39 [http-nio-8080-exec-7] WARN  c.O.w.p.s.s.impl.SQLDocumentService - Document not found by title: man-and-his-symbols.pdf
2025-01-27 16:44:39 [http-nio-8080-exec-7] WARN  c.O.w.p.s.s.impl.SQLDocumentService - Document not found by file name: man-and-his-symbols.pdf
2025-01-27 16:44:39 [http-nio-8080-exec-7] INFO  c.O.w.pdf.controller.PDFController - Retrieved document: null
2025-01-27 16:44:39 [http-nio-8080-exec-7] INFO  c.O.w.pdf.controller.PDFController - Number of chapters: 0
2025-01-27 16:44:39 [http-nio-8080-exec-1] INFO  c.O.w.pdf.controller.PDFController - Retrieved document: [FAILED toString()]
2025-01-27 16:44:39 [http-nio-8080-exec-1] INFO  c.O.w.pdf.controller.PDFController - Number of chapters: 1
2025-01-27 16:44:39 [http-nio-8080-exec-10] INFO  c.O.w.pdf.controller.PDFController - Retrieved document: [FAILED toString()]
2025-01-27 16:44:39 [http-nio-8080-exec-10] INFO  c.O.w.pdf.controller.PDFController - Number of chapters: 15
2025-01-27 16:44:40 [http-nio-8080-exec-3] INFO  c.O.w.pdf.controller.PDFController - Received request to get document with name: corrected_sub_pdf_13.pdf
2025-01-27 16:44:40 [http-nio-8080-exec-2] INFO  c.O.w.pdf.controller.PDFController - Received request to get document with name: modern man in search of a soul.pdf
2025-01-27 16:44:40 [http-nio-8080-exec-3] INFO  c.O.w.p.s.s.impl.SQLDocumentService - Retrieving document: corrected_sub_pdf_13.pdf
2025-01-27 16:44:40 [http-nio-8080-exec-2] INFO  c.O.w.p.s.s.impl.SQLDocumentService - Retrieving document: modern man in search of a soul.pdf
2025-01-27 16:44:40 [http-nio-8080-exec-3] WARN  c.O.w.p.s.s.impl.SQLDocumentService - Document not found by title: corrected_sub_pdf_13.pdf
2025-01-27 16:44:40 [http-nio-8080-exec-2] WARN  c.O.w.p.s.s.impl.SQLDocumentService - Document not found by title: modern man in search of a soul.pdf
2025-01-27 16:44:40 [http-nio-8080-exec-3] WARN  c.O.w.p.s.s.impl.SQLDocumentService - Document not found by file name: corrected_sub_pdf_13.pdf
2025-01-27 16:44:40 [http-nio-8080-exec-3] INFO  c.O.w.pdf.controller.PDFController - Retrieved document: null
2025-01-27 16:44:40 [http-nio-8080-exec-3] INFO  c.O.w.pdf.controller.PDFController - Number of chapters: 0
2025-01-27 16:44:40 [http-nio-8080-exec-5] INFO  c.O.w.pdf.controller.PDFController - Received request to get document with name: man-and-his-symbols.pdf
2025-01-27 16:44:40 [http-nio-8080-exec-5] INFO  c.O.w.p.s.s.impl.SQLDocumentService - Retrieving document: man-and-his-symbols.pdf
2025-01-27 16:44:40 [http-nio-8080-exec-4] INFO  c.O.w.pdf.controller.PDFController - Received request to get document with name: Ojciec Zapomina.pdf
2025-01-27 16:44:40 [http-nio-8080-exec-6] INFO  c.O.w.pdf.controller.PDFController - Received request to get document with name: modern_man_in_search_of_a_soul.pdf
2025-01-27 16:44:40 [http-nio-8080-exec-4] INFO  c.O.w.p.s.s.impl.SQLDocumentService - Retrieving document: Ojciec Zapomina.pdf
2025-01-27 16:44:40 [http-nio-8080-exec-6] INFO  c.O.w.p.s.s.impl.SQLDocumentService - Retrieving document: modern_man_in_search_of_a_soul.pdf
2025-01-27 16:44:40 [http-nio-8080-exec-5] WARN  c.O.w.p.s.s.impl.SQLDocumentService - Document not found by title: man-and-his-symbols.pdf
2025-01-27 16:44:40 [http-nio-8080-exec-6] WARN  c.O.w.p.s.s.impl.SQLDocumentService - Document not found by title: modern_man_in_search_of_a_soul.pdf
2025-01-27 16:44:40 [http-nio-8080-exec-4] WARN  c.O.w.p.s.s.impl.SQLDocumentService - Document not found by title: Ojciec Zapomina.pdf
2025-01-27 16:44:40 [http-nio-8080-exec-4] WARN  c.O.w.p.s.s.impl.SQLDocumentService - Document not found by file name: Ojciec Zapomina.pdf
2025-01-27 16:44:40 [http-nio-8080-exec-4] INFO  c.O.w.pdf.controller.PDFController - Retrieved document: null
2025-01-27 16:44:40 [http-nio-8080-exec-4] INFO  c.O.w.pdf.controller.PDFController - Number of chapters: 0
2025-01-27 16:44:40 [http-nio-8080-exec-5] WARN  c.O.w.p.s.s.impl.SQLDocumentService - Document not found by file name: man-and-his-symbols.pdf
2025-01-27 16:44:40 [http-nio-8080-exec-5] INFO  c.O.w.pdf.controller.PDFController - Retrieved document: null
2025-01-27 16:44:40 [http-nio-8080-exec-5] INFO  c.O.w.pdf.controller.PDFController - Number of chapters: 0
2025-01-27 16:44:40 [http-nio-8080-exec-8] INFO  c.O.w.pdf.controller.PDFController - Received request to get document with name: Ojciec Zapomina.pdf
2025-01-27 16:44:40 [http-nio-8080-exec-8] INFO  c.O.w.p.s.s.impl.SQLDocumentService - Retrieving document: Ojciec Zapomina.pdf
2025-01-27 16:44:40 [http-nio-8080-exec-8] WARN  c.O.w.p.s.s.impl.SQLDocumentService - Document not found by title: Ojciec Zapomina.pdf
2025-01-27 16:44:40 [http-nio-8080-exec-9] INFO  c.O.w.pdf.controller.PDFController - Received request to get document with name: Articel.pdf
2025-01-27 16:44:40 [http-nio-8080-exec-9] INFO  c.O.w.p.s.s.impl.SQLDocumentService - Retrieving document: Articel.pdf
2025-01-27 16:44:40 [http-nio-8080-exec-8] WARN  c.O.w.p.s.s.impl.SQLDocumentService - Document not found by file name: Ojciec Zapomina.pdf
2025-01-27 16:44:40 [http-nio-8080-exec-9] WARN  c.O.w.p.s.s.impl.SQLDocumentService - Document not found by title: Articel.pdf
2025-01-27 16:44:40 [http-nio-8080-exec-8] INFO  c.O.w.pdf.controller.PDFController - Retrieved document: null
2025-01-27 16:44:40 [http-nio-8080-exec-8] INFO  c.O.w.pdf.controller.PDFController - Number of chapters: 0
2025-01-27 16:44:40 [http-nio-8080-exec-2] INFO  c.O.w.pdf.controller.PDFController - Retrieved document: [FAILED toString()]
2025-01-27 16:44:40 [http-nio-8080-exec-2] INFO  c.O.w.pdf.controller.PDFController - Number of chapters: 15
2025-01-27 16:44:40 [http-nio-8080-exec-7] INFO  c.O.w.pdf.controller.PDFController - Received request to get document with name: modern man in search of a soul.pdf
2025-01-27 16:44:40 [http-nio-8080-exec-7] INFO  c.O.w.p.s.s.impl.SQLDocumentService - Retrieving document: modern man in search of a soul.pdf
2025-01-27 16:44:40 [http-nio-8080-exec-7] WARN  c.O.w.p.s.s.impl.SQLDocumentService - Document not found by title: modern man in search of a soul.pdf
2025-01-27 16:44:40 [http-nio-8080-exec-6] INFO  c.O.w.pdf.controller.PDFController - Retrieved document: [FAILED toString()]
2025-01-27 16:44:40 [http-nio-8080-exec-6] INFO  c.O.w.pdf.controller.PDFController - Number of chapters: 15
2025-01-27 16:44:40 [http-nio-8080-exec-1] INFO  c.O.w.pdf.controller.PDFController - Received request to get document with name: man-and-his-symbols.pdf
2025-01-27 16:44:40 [http-nio-8080-exec-1] INFO  c.O.w.p.s.s.impl.SQLDocumentService - Retrieving document: man-and-his-symbols.pdf
2025-01-27 16:44:40 [http-nio-8080-exec-1] WARN  c.O.w.p.s.s.impl.SQLDocumentService - Document not found by title: man-and-his-symbols.pdf
2025-01-27 16:44:40 [http-nio-8080-exec-1] WARN  c.O.w.p.s.s.impl.SQLDocumentService - Document not found by file name: man-and-his-symbols.pdf
2025-01-27 16:44:40 [http-nio-8080-exec-1] INFO  c.O.w.pdf.controller.PDFController - Retrieved document: null
2025-01-27 16:44:40 [http-nio-8080-exec-1] INFO  c.O.w.pdf.controller.PDFController - Number of chapters: 0
2025-01-27 16:44:40 [http-nio-8080-exec-9] INFO  c.O.w.pdf.controller.PDFController - Retrieved document: [FAILED toString()]
2025-01-27 16:44:40 [http-nio-8080-exec-9] INFO  c.O.w.pdf.controller.PDFController - Number of chapters: 1
2025-01-27 16:44:40 [http-nio-8080-exec-10] INFO  c.O.w.pdf.controller.PDFController - Received request to get document with name: Articel.pdf
2025-01-27 16:44:40 [http-nio-8080-exec-10] INFO  c.O.w.p.s.s.impl.SQLDocumentService - Retrieving document: Articel.pdf
2025-01-27 16:44:40 [http-nio-8080-exec-10] WARN  c.O.w.p.s.s.impl.SQLDocumentService - Document not found by title: Articel.pdf
2025-01-27 16:44:40 [http-nio-8080-exec-3] INFO  c.O.w.pdf.controller.PDFController - Received request to get document with name: corrected_sub_pdf_13.pdf
2025-01-27 16:44:40 [http-nio-8080-exec-3] INFO  c.O.w.p.s.s.impl.SQLDocumentService - Retrieving document: corrected_sub_pdf_13.pdf
2025-01-27 16:44:40 [http-nio-8080-exec-3] WARN  c.O.w.p.s.s.impl.SQLDocumentService - Document not found by title: corrected_sub_pdf_13.pdf
2025-01-27 16:44:40 [http-nio-8080-exec-3] WARN  c.O.w.p.s.s.impl.SQLDocumentService - Document not found by file name: corrected_sub_pdf_13.pdf
2025-01-27 16:44:40 [http-nio-8080-exec-3] INFO  c.O.w.pdf.controller.PDFController - Retrieved document: null
2025-01-27 16:44:40 [http-nio-8080-exec-3] INFO  c.O.w.pdf.controller.PDFController - Number of chapters: 0
2025-01-27 16:44:40 [http-nio-8080-exec-4] INFO  c.O.w.pdf.controller.PDFController - Received request to get document with name: modern_man_in_search_of_a_soul.pdf
2025-01-27 16:44:40 [http-nio-8080-exec-4] INFO  c.O.w.p.s.s.impl.SQLDocumentService - Retrieving document: modern_man_in_search_of_a_soul.pdf
2025-01-27 16:44:40 [http-nio-8080-exec-4] WARN  c.O.w.p.s.s.impl.SQLDocumentService - Document not found by title: modern_man_in_search_of_a_soul.pdf
2025-01-27 16:44:40 [http-nio-8080-exec-7] INFO  c.O.w.pdf.controller.PDFController - Retrieved document: [FAILED toString()]
2025-01-27 16:44:40 [http-nio-8080-exec-7] INFO  c.O.w.pdf.controller.PDFController - Number of chapters: 15
2025-01-27 16:44:40 [http-nio-8080-exec-5] INFO  c.O.w.pdf.controller.PDFController - Received request to get document with name: modern man in search of a soul.pdf
2025-01-27 16:44:40 [http-nio-8080-exec-5] INFO  c.O.w.p.s.s.impl.SQLDocumentService - Retrieving document: modern man in search of a soul.pdf
2025-01-27 16:44:40 [http-nio-8080-exec-5] WARN  c.O.w.p.s.s.impl.SQLDocumentService - Document not found by title: modern man in search of a soul.pdf
2025-01-27 16:44:40 [http-nio-8080-exec-10] INFO  c.O.w.pdf.controller.PDFController - Retrieved document: [FAILED toString()]
2025-01-27 16:44:40 [http-nio-8080-exec-10] INFO  c.O.w.pdf.controller.PDFController - Number of chapters: 1
2025-01-27 16:44:40 [http-nio-8080-exec-8] INFO  c.O.w.pdf.controller.PDFController - Received request to get document with name: corrected_sub_pdf_13.pdf
2025-01-27 16:44:40 [http-nio-8080-exec-8] INFO  c.O.w.p.s.s.impl.SQLDocumentService - Retrieving document: corrected_sub_pdf_13.pdf
2025-01-27 16:44:40 [http-nio-8080-exec-8] WARN  c.O.w.p.s.s.impl.SQLDocumentService - Document not found by title: corrected_sub_pdf_13.pdf
2025-01-27 16:44:40 [http-nio-8080-exec-8] WARN  c.O.w.p.s.s.impl.SQLDocumentService - Document not found by file name: corrected_sub_pdf_13.pdf
2025-01-27 16:44:40 [http-nio-8080-exec-8] INFO  c.O.w.pdf.controller.PDFController - Retrieved document: null
2025-01-27 16:44:40 [http-nio-8080-exec-8] INFO  c.O.w.pdf.controller.PDFController - Number of chapters: 0
2025-01-27 16:44:40 [http-nio-8080-exec-4] INFO  c.O.w.pdf.controller.PDFController - Retrieved document: [FAILED toString()]
2025-01-27 16:44:40 [http-nio-8080-exec-4] INFO  c.O.w.pdf.controller.PDFController - Number of chapters: 15
2025-01-27 16:44:40 [http-nio-8080-exec-2] INFO  c.O.w.pdf.controller.PDFController - Received request to get document with name: modern_man_in_search_of_a_soul.pdf
2025-01-27 16:44:40 [http-nio-8080-exec-2] INFO  c.O.w.p.s.s.impl.SQLDocumentService - Retrieving document: modern_man_in_search_of_a_soul.pdf
2025-01-27 16:44:40 [http-nio-8080-exec-2] WARN  c.O.w.p.s.s.impl.SQLDocumentService - Document not found by title: modern_man_in_search_of_a_soul.pdf
2025-01-27 16:44:40 [http-nio-8080-exec-6] INFO  c.O.w.pdf.controller.PDFController - Received request to get document with name: man-and-his-symbols.pdf
2025-01-27 16:44:40 [http-nio-8080-exec-6] INFO  c.O.w.p.s.s.impl.SQLDocumentService - Retrieving document: man-and-his-symbols.pdf
2025-01-27 16:44:40 [http-nio-8080-exec-6] WARN  c.O.w.p.s.s.impl.SQLDocumentService - Document not found by title: man-and-his-symbols.pdf
2025-01-27 16:44:40 [http-nio-8080-exec-6] WARN  c.O.w.p.s.s.impl.SQLDocumentService - Document not found by file name: man-and-his-symbols.pdf
2025-01-27 16:44:40 [http-nio-8080-exec-6] INFO  c.O.w.pdf.controller.PDFController - Retrieved document: null
2025-01-27 16:44:40 [http-nio-8080-exec-6] INFO  c.O.w.pdf.controller.PDFController - Number of chapters: 0
2025-01-27 16:44:40 [http-nio-8080-exec-5] INFO  c.O.w.pdf.controller.PDFController - Retrieved document: [FAILED toString()]
2025-01-27 16:44:40 [http-nio-8080-exec-5] INFO  c.O.w.pdf.controller.PDFController - Number of chapters: 15
2025-01-27 16:44:40 [http-nio-8080-exec-1] INFO  c.O.w.pdf.controller.PDFController - Received request to get document with name: modern man in search of a soul.pdf
2025-01-27 16:44:40 [http-nio-8080-exec-1] INFO  c.O.w.p.s.s.impl.SQLDocumentService - Retrieving document: modern man in search of a soul.pdf
2025-01-27 16:44:40 [http-nio-8080-exec-1] WARN  c.O.w.p.s.s.impl.SQLDocumentService - Document not found by title: modern man in search of a soul.pdf
2025-01-27 16:44:40 [http-nio-8080-exec-2] INFO  c.O.w.pdf.controller.PDFController - Retrieved document: [FAILED toString()]
2025-01-27 16:44:40 [http-nio-8080-exec-2] INFO  c.O.w.pdf.controller.PDFController - Number of chapters: 15
2025-01-27 16:44:40 [http-nio-8080-exec-9] INFO  c.O.w.pdf.controller.PDFController - Received request to get document with name: man-and-his-symbols.pdf
2025-01-27 16:44:40 [http-nio-8080-exec-9] INFO  c.O.w.p.s.s.impl.SQLDocumentService - Retrieving document: man-and-his-symbols.pdf
2025-01-27 16:44:40 [http-nio-8080-exec-9] WARN  c.O.w.p.s.s.impl.SQLDocumentService - Document not found by title: man-and-his-symbols.pdf
2025-01-27 16:44:40 [http-nio-8080-exec-9] WARN  c.O.w.p.s.s.impl.SQLDocumentService - Document not found by file name: man-and-his-symbols.pdf
2025-01-27 16:44:40 [http-nio-8080-exec-9] INFO  c.O.w.pdf.controller.PDFController - Retrieved document: null
2025-01-27 16:44:40 [http-nio-8080-exec-9] INFO  c.O.w.pdf.controller.PDFController - Number of chapters: 0
2025-01-27 16:44:40 [http-nio-8080-exec-1] INFO  c.O.w.pdf.controller.PDFController - Retrieved document: [FAILED toString()]
2025-01-27 16:44:40 [http-nio-8080-exec-1] INFO  c.O.w.pdf.controller.PDFController - Number of chapters: 15
2025-01-27 16:44:40 [http-nio-8080-exec-3] INFO  c.O.w.pdf.controller.PDFController - Received request to get document with name: modern man in search of a soul.pdf
2025-01-27 16:44:40 [http-nio-8080-exec-3] INFO  c.O.w.p.s.s.impl.SQLDocumentService - Retrieving document: modern man in search of a soul.pdf
2025-01-27 16:44:40 [http-nio-8080-exec-3] WARN  c.O.w.p.s.s.impl.SQLDocumentService - Document not found by title: modern man in search of a soul.pdf
2025-01-27 16:44:40 [http-nio-8080-exec-3] INFO  c.O.w.pdf.controller.PDFController - Retrieved document: [FAILED toString()]
2025-01-27 16:44:40 [http-nio-8080-exec-3] INFO  c.O.w.pdf.controller.PDFController - Number of chapters: 15
2025-01-27 16:59:44 [http-nio-8080-exec-5] DEBUG c.O.w.c.WitherHomeController - Home endpoint accessed
2025-01-27 16:59:50 [http-nio-8080-exec-1] DEBUG c.O.w.c.WitherHomeController - Home endpoint accessed
2025-01-27 17:30:02 [main] INFO  c.O.w.a.OllamaMidSessionConfigChangeTest - Starting OllamaMidSessionConfigChangeTest using Java 17.0.4 with PID 20208 (started by macie in C:\Users\macie\tools\Wither Project\wither-project-backend)
2025-01-27 17:30:02 [main] DEBUG c.O.w.a.OllamaMidSessionConfigChangeTest - Running with Spring Boot v3.3.7, Spring v6.1.16
2025-01-27 17:30:02 [main] INFO  c.O.w.a.OllamaMidSessionConfigChangeTest - The following 1 profile is active: "development"
2025-01-27 17:30:08 [main] INFO  c.O.w.a.OllamaMidSessionConfigChangeTest - Started OllamaMidSessionConfigChangeTest in 6.335 seconds (process running for 7.446)
2025-01-27 17:32:30 [main] INFO  c.O.w.a.OllamaMidSessionConfigChangeTest - High CTX - Average response length: 747 characters, Average time: 24900.0 ms
2025-01-27 17:32:30 [main] INFO  c.O.w.a.OllamaMidSessionConfigChangeTest - Low CTX - Average response length: 783 characters, Average time: 22489.666666666668 ms
2025-01-27 17:34:58 [main] INFO  c.O.w.a.OllamaMidSessionConfigChangeTest - Starting OllamaMidSessionConfigChangeTest using Java 17.0.4 with PID 18176 (started by macie in C:\Users\macie\tools\Wither Project\wither-project-backend)
2025-01-27 17:34:58 [main] DEBUG c.O.w.a.OllamaMidSessionConfigChangeTest - Running with Spring Boot v3.3.7, Spring v6.1.16
2025-01-27 17:34:58 [main] INFO  c.O.w.a.OllamaMidSessionConfigChangeTest - The following 1 profile is active: "development"
2025-01-27 17:35:04 [main] INFO  c.O.w.a.OllamaMidSessionConfigChangeTest - Started OllamaMidSessionConfigChangeTest in 6.777 seconds (process running for 7.961)
2025-01-27 17:37:48 [main] INFO  c.O.w.a.OllamaMidSessionConfigChangeTest - High CTX - Average response length: 747 characters, Average time: 26.794666666666668 s
2025-01-27 17:37:48 [main] INFO  c.O.w.a.OllamaMidSessionConfigChangeTest - Low CTX - Average response length: 747 characters, Average time: 27.842333333333332 s
2025-01-27 17:42:52 [restartedMain] INFO  c.Orio.wither_project.WitherProject - Starting WitherProject using Java 17.0.4 with PID 19900 (C:\Users\macie\tools\Wither Project\wither-project-backend\target\classes started by macie in C:\Users\macie\tools\Wither Project\wither-project-backend)
2025-01-27 17:42:52 [restartedMain] DEBUG c.Orio.wither_project.WitherProject - Running with Spring Boot v3.3.7, Spring v6.1.16
2025-01-27 17:42:52 [restartedMain] INFO  c.Orio.wither_project.WitherProject - The following 1 profile is active: "development"
2025-01-27 17:43:26 [restartedMain] INFO  c.Orio.wither_project.WitherProject - Starting WitherProject using Java 17.0.4 with PID 11812 (C:\Users\macie\tools\Wither Project\wither-project-backend\target\classes started by macie in C:\Users\macie\tools\Wither Project\wither-project-backend)
2025-01-27 17:43:26 [restartedMain] DEBUG c.Orio.wither_project.WitherProject - Running with Spring Boot v3.3.7, Spring v6.1.16
2025-01-27 17:43:26 [restartedMain] INFO  c.Orio.wither_project.WitherProject - The following 1 profile is active: "development"
2025-01-27 17:43:34 [restartedMain] INFO  c.Orio.wither_project.WitherProject - Started WitherProject in 8.188 seconds (process running for 8.804)
